2024-11-07  9:27:15 0 [Note] Starting MariaDB 10.4.32-MariaDB source revision c4143f909528e3fab0677a28631d10389354c491 as process 6000
2024-11-07  9:27:15 0 [Note] InnoDB: Mutexes and rw_locks use Windows interlocked functions
2024-11-07  9:27:15 0 [Note] InnoDB: Uses event mutexes
2024-11-07  9:27:15 0 [Note] InnoDB: Compressed tables use zlib 1.3
2024-11-07  9:27:15 0 [Note] InnoDB: Number of pools: 1
2024-11-07  9:27:15 0 [Note] InnoDB: Using SSE2 crc32 instructions
2024-11-07  9:27:15 0 [Note] InnoDB: Initializing buffer pool, total size = 16M, instances = 1, chunk size = 16M
2024-11-07  9:27:15 0 [Note] InnoDB: Completed initialization of buffer pool
2024-11-07  9:27:15 0 [Note] InnoDB: Starting crash recovery from checkpoint LSN=300288
2024-11-07  9:27:16 0 [Note] InnoDB: 128 out of 128 rollback segments are active.
2024-11-07  9:27:16 0 [Note] InnoDB: Removed temporary tablespace data file: "ibtmp1"
2024-11-07  9:27:16 0 [Note] InnoDB: Creating shared tablespace for temporary tables
2024-11-07  9:27:16 0 [Note] InnoDB: Setting file 'C:\xampp\mysql\data\ibtmp1' size to 12 MB. Physically writing the file full; Please wait ...
2024-11-07  9:27:16 0 [Note] InnoDB: File 'C:\xampp\mysql\data\ibtmp1' size is now 12 MB.
2024-11-07  9:27:16 0 [Note] InnoDB: Waiting for purge to start
2024-11-07  9:27:16 0 [Note] InnoDB: 10.4.32 started; log sequence number 300297; transaction id 170
2024-11-07  9:27:16 0 [Note] Plugin 'FEEDBACK' is disabled.
2024-11-07  9:27:16 0 [Note] InnoDB: Loading buffer pool(s) from C:\xampp\mysql\data\ib_buffer_pool
2024-11-07  9:27:16 0 [Note] InnoDB: Buffer pool(s) load completed at 241107  9:27:16
2024-11-07  9:27:16 0 [Note] Server socket created on IP: '::'.
2024-11-07  9:29:49 0 [Note] Starting MariaDB 10.4.32-MariaDB source revision c4143f909528e3fab0677a28631d10389354c491 as process 3708
2024-11-07  9:29:49 0 [Note] InnoDB: Mutexes and rw_locks use Windows interlocked functions
2024-11-07  9:29:49 0 [Note] InnoDB: Uses event mutexes
2024-11-07  9:29:49 0 [Note] InnoDB: Compressed tables use zlib 1.3
2024-11-07  9:29:49 0 [Note] InnoDB: Number of pools: 1
2024-11-07  9:29:49 0 [Note] InnoDB: Using SSE2 crc32 instructions
2024-11-07  9:29:49 0 [Note] InnoDB: Initializing buffer pool, total size = 16M, instances = 1, chunk size = 16M
2024-11-07  9:29:49 0 [Note] InnoDB: Completed initialization of buffer pool
2024-11-07  9:29:49 0 [Note] InnoDB: Starting crash recovery from checkpoint LSN=300306
2024-11-07  9:29:49 0 [Note] InnoDB: 128 out of 128 rollback segments are active.
2024-11-07  9:29:49 0 [Note] InnoDB: Removed temporary tablespace data file: "ibtmp1"
2024-11-07  9:29:49 0 [Note] InnoDB: Creating shared tablespace for temporary tables
2024-11-07  9:29:49 0 [Note] InnoDB: Setting file 'C:\xampp\mysql\data\ibtmp1' size to 12 MB. Physically writing the file full; Please wait ...
2024-11-07  9:29:49 0 [Note] InnoDB: File 'C:\xampp\mysql\data\ibtmp1' size is now 12 MB.
2024-11-07  9:29:49 0 [Note] InnoDB: Waiting for purge to start
2024-11-07  9:29:49 0 [Note] InnoDB: 10.4.32 started; log sequence number 300315; transaction id 170
2024-11-07  9:29:49 0 [Note] InnoDB: Loading buffer pool(s) from C:\xampp\mysql\data\ib_buffer_pool
2024-11-07  9:29:49 0 [Note] Plugin 'FEEDBACK' is disabled.
2024-11-07  9:29:49 0 [Note] Server socket created on IP: '::'.
2024-11-07  9:29:49 0 [Note] InnoDB: Buffer pool(s) load completed at 241107  9:29:49
2024-11-07  9:29:49 0 [Note] Reading of all Master_info entries succeeded
2024-11-07  9:29:49 0 [Note] Added new Master_info '' to hash table
2024-11-07  9:29:49 0 [Note] C:\xampp\mysql\bin\mysqld.exe: ready for connections.
Version: '10.4.32-MariaDB'  socket: ''  port: 3306  mariadb.org binary distribution
2024-11-07 12:54:42 0 [Note] Starting MariaDB 10.4.32-MariaDB source revision c4143f909528e3fab0677a28631d10389354c491 as process 4788
2024-11-07 12:54:42 0 [Note] InnoDB: Mutexes and rw_locks use Windows interlocked functions
2024-11-07 12:54:42 0 [Note] InnoDB: Uses event mutexes
2024-11-07 12:54:42 0 [Note] InnoDB: Compressed tables use zlib 1.3
2024-11-07 12:54:42 0 [Note] InnoDB: Number of pools: 1
2024-11-07 12:54:42 0 [Note] InnoDB: Using SSE2 crc32 instructions
2024-11-07 12:54:42 0 [Note] InnoDB: Initializing buffer pool, total size = 16M, instances = 1, chunk size = 16M
2024-11-07 12:54:42 0 [Note] InnoDB: Completed initialization of buffer pool
2024-11-07 12:54:42 0 [Note] InnoDB: Starting crash recovery from checkpoint LSN=2081503
2024-11-07 12:54:42 0 [Note] InnoDB: 128 out of 128 rollback segments are active.
2024-11-07 12:54:42 0 [Note] InnoDB: Removed temporary tablespace data file: "ibtmp1"
2024-11-07 12:54:42 0 [Note] InnoDB: Creating shared tablespace for temporary tables
2024-11-07 12:54:42 0 [Note] InnoDB: Setting file 'C:\xampp\mysql\data\ibtmp1' size to 12 MB. Physically writing the file full; Please wait ...
2024-11-07 12:54:42 0 [Note] InnoDB: File 'C:\xampp\mysql\data\ibtmp1' size is now 12 MB.
2024-11-07 12:54:42 0 [Note] InnoDB: Waiting for purge to start
2024-11-07 12:54:42 0 [Note] InnoDB: 10.4.32 started; log sequence number 2081512; transaction id 981
2024-11-07 12:54:42 0 [Note] InnoDB: Loading buffer pool(s) from C:\xampp\mysql\data\ib_buffer_pool
2024-11-07 12:54:42 0 [Note] Plugin 'FEEDBACK' is disabled.
2024-11-07 12:54:42 0 [Note] InnoDB: Buffer pool(s) load completed at 241107 12:54:42
2024-11-07 12:54:42 0 [Note] Server socket created on IP: '::'.
2024-11-07 12:54:42 0 [Note] Reading of all Master_info entries succeeded
2024-11-07 12:54:42 0 [Note] Added new Master_info '' to hash table
2024-11-07 12:54:42 0 [Note] C:\xampp\mysql\bin\mysqld.exe: ready for connections.
Version: '10.4.32-MariaDB'  socket: ''  port: 3306  mariadb.org binary distribution
2024-11-07 13:12:48 0 [Note] Starting MariaDB 10.4.32-MariaDB source revision c4143f909528e3fab0677a28631d10389354c491 as process 4956
2024-11-07 13:12:48 0 [Note] InnoDB: Mutexes and rw_locks use Windows interlocked functions
2024-11-07 13:12:48 0 [Note] InnoDB: Uses event mutexes
2024-11-07 13:12:48 0 [Note] InnoDB: Compressed tables use zlib 1.3
2024-11-07 13:12:48 0 [Note] InnoDB: Number of pools: 1
2024-11-07 13:12:48 0 [Note] InnoDB: Using SSE2 crc32 instructions
2024-11-07 13:12:48 0 [Note] InnoDB: Initializing buffer pool, total size = 16M, instances = 1, chunk size = 16M
2024-11-07 13:12:48 0 [Note] InnoDB: Completed initialization of buffer pool
2024-11-07 13:12:48 0 [Note] InnoDB: Starting crash recovery from checkpoint LSN=2081521
2024-11-07 13:12:49 0 [Note] InnoDB: 128 out of 128 rollback segments are active.
2024-11-07 13:12:49 0 [Note] InnoDB: Removed temporary tablespace data file: "ibtmp1"
2024-11-07 13:12:49 0 [Note] InnoDB: Creating shared tablespace for temporary tables
2024-11-07 13:12:49 0 [Note] InnoDB: Setting file 'C:\xampp\mysql\data\ibtmp1' size to 12 MB. Physically writing the file full; Please wait ...
2024-11-07 13:12:49 0 [Note] InnoDB: File 'C:\xampp\mysql\data\ibtmp1' size is now 12 MB.
2024-11-07 13:12:49 0 [Note] InnoDB: Waiting for purge to start
2024-11-07 13:12:49 0 [Note] InnoDB: 10.4.32 started; log sequence number 2081530; transaction id 981
2024-11-07 13:12:49 0 [Note] InnoDB: Loading buffer pool(s) from C:\xampp\mysql\data\ib_buffer_pool
2024-11-07 13:12:49 0 [Note] Plugin 'FEEDBACK' is disabled.
2024-11-07 13:12:49 0 [Note] InnoDB: Buffer pool(s) load completed at 241107 13:12:49
2024-11-07 13:12:49 0 [Note] Server socket created on IP: '::'.
2024-11-07 13:12:49 0 [Note] Reading of all Master_info entries succeeded
2024-11-07 13:12:49 0 [Note] Added new Master_info '' to hash table
2024-11-07 13:12:49 0 [Note] C:\xampp\mysql\bin\mysqld.exe: ready for connections.
Version: '10.4.32-MariaDB'  socket: ''  port: 3306  mariadb.org binary distribution
2024-11-07 14:43:23 0 [Note] C:\xampp\mysql\bin\mysqld.exe (initiated by: unknown): Normal shutdown
2024-11-07 14:43:23 0 [Note] Event Scheduler: Purging the queue. 0 events
2024-11-07 14:43:23 0 [Note] InnoDB: FTS optimize thread exiting.
2024-11-07 14:43:23 0 [Note] InnoDB: Starting shutdown...
2024-11-07 14:43:23 0 [Note] InnoDB: Dumping buffer pool(s) to C:\xampp\mysql\data\ib_buffer_pool
2024-11-07 14:43:23 0 [Note] InnoDB: Instance 0, restricted to 250 pages due to innodb_buf_pool_dump_pct=25
2024-11-07 14:43:23 0 [Note] InnoDB: Buffer pool(s) dump completed at 241107 14:43:23
2024-11-07 14:43:24 0 [Note] InnoDB: Removed temporary tablespace data file: "ibtmp1"
2024-11-07 14:43:24 0 [Note] InnoDB: Shutdown completed; log sequence number 29711703; transaction id 11739
2024-11-07 14:43:24 0 [Note] C:\xampp\mysql\bin\mysqld.exe: Shutdown complete

2024-11-08 11:12:43 0 [Note] Starting MariaDB 10.4.32-MariaDB source revision c4143f909528e3fab0677a28631d10389354c491 as process 4540
2024-11-08 11:12:43 0 [Note] InnoDB: Mutexes and rw_locks use Windows interlocked functions
2024-11-08 11:12:43 0 [Note] InnoDB: Uses event mutexes
2024-11-08 11:12:43 0 [Note] InnoDB: Compressed tables use zlib 1.3
2024-11-08 11:12:43 0 [Note] InnoDB: Number of pools: 1
2024-11-08 11:12:43 0 [Note] InnoDB: Using SSE2 crc32 instructions
2024-11-08 11:12:43 0 [Note] InnoDB: Initializing buffer pool, total size = 16M, instances = 1, chunk size = 16M
2024-11-08 11:12:43 0 [Note] InnoDB: Completed initialization of buffer pool
2024-11-08 11:12:43 0 [Note] InnoDB: 128 out of 128 rollback segments are active.
2024-11-08 11:12:43 0 [Note] InnoDB: Creating shared tablespace for temporary tables
2024-11-08 11:12:43 0 [Note] InnoDB: Setting file 'C:\xampp\mysql\data\ibtmp1' size to 12 MB. Physically writing the file full; Please wait ...
2024-11-08 11:12:43 0 [Note] InnoDB: File 'C:\xampp\mysql\data\ibtmp1' size is now 12 MB.
2024-11-08 11:12:43 0 [Note] InnoDB: Waiting for purge to start
2024-11-08 11:12:43 0 [Note] InnoDB: 10.4.32 started; log sequence number 29711703; transaction id 11740
2024-11-08 11:12:43 0 [Note] InnoDB: Loading buffer pool(s) from C:\xampp\mysql\data\ib_buffer_pool
2024-11-08 11:12:43 0 [Note] Plugin 'FEEDBACK' is disabled.
2024-11-08 11:12:43 0 [Note] Server socket created on IP: '::'.
2024-11-08 11:12:43 0 [Note] InnoDB: Buffer pool(s) load completed at 241108 11:12:43
2024-11-08 11:12:43 0 [Note] Reading of all Master_info entries succeeded
2024-11-08 11:12:43 0 [Note] Added new Master_info '' to hash table
2024-11-08 11:12:43 0 [Note] C:\xampp\mysql\bin\mysqld.exe: ready for connections.
Version: '10.4.32-MariaDB'  socket: ''  port: 3306  mariadb.org binary distribution
2024-11-11 13:08:58 0 [Note] Starting MariaDB 10.4.32-MariaDB source revision c4143f909528e3fab0677a28631d10389354c491 as process 4848
2024-11-11 13:08:58 0 [Note] InnoDB: Mutexes and rw_locks use Windows interlocked functions
2024-11-11 13:08:58 0 [Note] InnoDB: Uses event mutexes
2024-11-11 13:08:58 0 [Note] InnoDB: Compressed tables use zlib 1.3
2024-11-11 13:08:58 0 [Note] InnoDB: Number of pools: 1
2024-11-11 13:08:58 0 [Note] InnoDB: Using SSE2 crc32 instructions
2024-11-11 13:08:58 0 [Note] InnoDB: Initializing buffer pool, total size = 16M, instances = 1, chunk size = 16M
2024-11-11 13:08:58 0 [Note] InnoDB: Completed initialization of buffer pool
2024-11-11 13:08:58 0 [Note] InnoDB: Starting crash recovery from checkpoint LSN=41493591
2024-11-11 13:08:58 0 [Note] InnoDB: 128 out of 128 rollback segments are active.
2024-11-11 13:08:58 0 [Note] InnoDB: Removed temporary tablespace data file: "ibtmp1"
2024-11-11 13:08:58 0 [Note] InnoDB: Creating shared tablespace for temporary tables
2024-11-11 13:08:58 0 [Note] InnoDB: Setting file 'C:\xampp\mysql\data\ibtmp1' size to 12 MB. Physically writing the file full; Please wait ...
2024-11-11 13:08:58 0 [Note] InnoDB: File 'C:\xampp\mysql\data\ibtmp1' size is now 12 MB.
2024-11-11 13:08:58 0 [Note] InnoDB: Waiting for purge to start
2024-11-11 13:08:59 0 [Note] InnoDB: 10.4.32 started; log sequence number 41493600; transaction id 15229
2024-11-11 13:08:59 0 [Note] InnoDB: Loading buffer pool(s) from C:\xampp\mysql\data\ib_buffer_pool
2024-11-11 13:08:59 0 [Note] Plugin 'FEEDBACK' is disabled.
2024-11-11 13:08:59 0 [Note] Server socket created on IP: '::'.
2024-11-11 13:08:59 0 [Note] InnoDB: Buffer pool(s) load completed at 241111 13:08:59
2024-11-11 13:08:59 0 [Note] Reading of all Master_info entries succeeded
2024-11-11 13:08:59 0 [Note] Added new Master_info '' to hash table
2024-11-11 13:08:59 0 [Note] C:\xampp\mysql\bin\mysqld.exe: ready for connections.
Version: '10.4.32-MariaDB'  socket: ''  port: 3306  mariadb.org binary distribution
2024-11-11 13:44:21 0 [Note] Starting MariaDB 10.4.32-MariaDB source revision c4143f909528e3fab0677a28631d10389354c491 as process 4880
2024-11-11 13:44:21 0 [Note] InnoDB: Mutexes and rw_locks use Windows interlocked functions
2024-11-11 13:44:21 0 [Note] InnoDB: Uses event mutexes
2024-11-11 13:44:21 0 [Note] InnoDB: Compressed tables use zlib 1.3
2024-11-11 13:44:21 0 [Note] InnoDB: Number of pools: 1
2024-11-11 13:44:21 0 [Note] InnoDB: Using SSE2 crc32 instructions
2024-11-11 13:44:21 0 [Note] InnoDB: Initializing buffer pool, total size = 16M, instances = 1, chunk size = 16M
2024-11-11 13:44:21 0 [Note] InnoDB: Completed initialization of buffer pool
2024-11-11 13:44:21 0 [Note] InnoDB: Starting crash recovery from checkpoint LSN=41678549
2024-11-11 13:44:21 0 [Note] InnoDB: 128 out of 128 rollback segments are active.
2024-11-11 13:44:21 0 [Note] InnoDB: Removed temporary tablespace data file: "ibtmp1"
2024-11-11 13:44:21 0 [Note] InnoDB: Creating shared tablespace for temporary tables
2024-11-11 13:44:21 0 [Note] InnoDB: Setting file 'C:\xampp\mysql\data\ibtmp1' size to 12 MB. Physically writing the file full; Please wait ...
2024-11-11 13:44:21 0 [Note] InnoDB: File 'C:\xampp\mysql\data\ibtmp1' size is now 12 MB.
2024-11-11 13:44:21 0 [Note] InnoDB: Waiting for purge to start
2024-11-11 13:44:21 0 [Note] InnoDB: 10.4.32 started; log sequence number 41678558; transaction id 15344
2024-11-11 13:44:21 0 [Note] InnoDB: Loading buffer pool(s) from C:\xampp\mysql\data\ib_buffer_pool
2024-11-11 13:44:21 0 [Note] Plugin 'FEEDBACK' is disabled.
2024-11-11 13:44:22 0 [Note] Server socket created on IP: '::'.
2024-11-11 13:44:22 0 [Note] InnoDB: Buffer pool(s) load completed at 241111 13:44:22
2024-11-11 13:44:22 0 [Note] Reading of all Master_info entries succeeded
2024-11-11 13:44:22 0 [Note] Added new Master_info '' to hash table
2024-11-11 13:44:22 0 [Note] C:\xampp\mysql\bin\mysqld.exe: ready for connections.
Version: '10.4.32-MariaDB'  socket: ''  port: 3306  mariadb.org binary distribution
