[Tue Nov 05 09:34:56.755733 2024] [ssl:warn] [pid 10608:tid 344] AH01909: www.example.com:443:0 server certificate does NOT include an ID which matches the server name
[Tue Nov 05 09:34:56.828126 2024] [ssl:warn] [pid 10608:tid 344] AH01909: www.example.com:443:0 server certificate does NOT include an ID which matches the server name
[Tue Nov 05 09:34:56.892144 2024] [mpm_winnt:notice] [pid 10608:tid 344] AH00455: Apache/2.4.58 (Win64) OpenSSL/3.1.3 PHP/8.2.12 configured -- resuming normal operations
[Tue Nov 05 09:34:56.892144 2024] [mpm_winnt:notice] [pid 10608:tid 344] AH00456: Apache Lounge VS17 Server built: Oct 18 2023 13:03:18
[Tue Nov 05 09:34:56.892144 2024] [core:notice] [pid 10608:tid 344] AH00094: Command line: 'C:\\xampp\\apache\\bin\\httpd.exe -d C:/xampp/apache'
[Tue Nov 05 09:34:56.900110 2024] [mpm_winnt:notice] [pid 10608:tid 344] AH00418: Parent: Created child process 11068
[Tue Nov 05 09:34:57.407815 2024] [ssl:warn] [pid 11068:tid 432] AH01909: www.example.com:443:0 server certificate does NOT include an ID which matches the server name
[Tue Nov 05 09:34:57.463797 2024] [ssl:warn] [pid 11068:tid 432] AH01909: www.example.com:443:0 server certificate does NOT include an ID which matches the server name
[Tue Nov 05 09:34:57.503792 2024] [mpm_winnt:notice] [pid 11068:tid 432] AH00354: Child: Starting 150 worker threads.
[Thu Nov 07 09:25:21.450042 2024] [ssl:warn] [pid 1912:tid 424] AH01909: www.example.com:443:0 server certificate does NOT include an ID which matches the server name
[Thu Nov 07 09:25:21.492495 2024] [ssl:warn] [pid 1912:tid 424] AH01909: www.example.com:443:0 server certificate does NOT include an ID which matches the server name
[Thu Nov 07 09:25:21.945488 2024] [mpm_winnt:notice] [pid 1912:tid 424] AH00455: Apache/2.4.58 (Win64) OpenSSL/3.1.3 PHP/8.2.12 configured -- resuming normal operations
[Thu Nov 07 09:25:21.945488 2024] [mpm_winnt:notice] [pid 1912:tid 424] AH00456: Apache Lounge VS17 Server built: Oct 18 2023 13:03:18
[Thu Nov 07 09:25:21.945488 2024] [core:notice] [pid 1912:tid 424] AH00094: Command line: 'c:\\xampp\\apache\\bin\\httpd.exe -d C:/xampp/apache'
[Thu Nov 07 09:25:21.945488 2024] [mpm_winnt:notice] [pid 1912:tid 424] AH00418: Parent: Created child process 6164
[Thu Nov 07 09:25:22.344636 2024] [ssl:warn] [pid 6164:tid 428] AH01909: www.example.com:443:0 server certificate does NOT include an ID which matches the server name
[Thu Nov 07 09:25:22.388620 2024] [ssl:warn] [pid 6164:tid 428] AH01909: www.example.com:443:0 server certificate does NOT include an ID which matches the server name
[Thu Nov 07 09:25:22.431507 2024] [mpm_winnt:notice] [pid 6164:tid 428] AH00354: Child: Starting 150 worker threads.
[Thu Nov 07 09:29:49.410107 2024] [ssl:warn] [pid 740:tid 464] AH01909: www.example.com:443:0 server certificate does NOT include an ID which matches the server name
[Thu Nov 07 09:29:49.457005 2024] [core:warn] [pid 740:tid 464] AH00098: pid file C:/xampp/apache/logs/httpd.pid overwritten -- Unclean shutdown of previous Apache run?
[Thu Nov 07 09:29:49.465365 2024] [ssl:warn] [pid 740:tid 464] AH01909: www.example.com:443:0 server certificate does NOT include an ID which matches the server name
[Thu Nov 07 09:29:49.524337 2024] [mpm_winnt:notice] [pid 740:tid 464] AH00455: Apache/2.4.58 (Win64) OpenSSL/3.1.3 PHP/8.2.12 configured -- resuming normal operations
[Thu Nov 07 09:29:49.524337 2024] [mpm_winnt:notice] [pid 740:tid 464] AH00456: Apache Lounge VS17 Server built: Oct 18 2023 13:03:18
[Thu Nov 07 09:29:49.524337 2024] [core:notice] [pid 740:tid 464] AH00094: Command line: 'C:\\xampp\\apache\\bin\\httpd.exe -d C:/xampp/apache'
[Thu Nov 07 09:29:49.524337 2024] [mpm_winnt:notice] [pid 740:tid 464] AH00418: Parent: Created child process 10212
[Thu Nov 07 09:29:49.927864 2024] [ssl:warn] [pid 10212:tid 472] AH01909: www.example.com:443:0 server certificate does NOT include an ID which matches the server name
[Thu Nov 07 09:29:49.970885 2024] [ssl:warn] [pid 10212:tid 472] AH01909: www.example.com:443:0 server certificate does NOT include an ID which matches the server name
[Thu Nov 07 09:29:50.025119 2024] [mpm_winnt:notice] [pid 10212:tid 472] AH00354: Child: Starting 150 worker threads.
[Thu Nov 07 12:54:42.654447 2024] [ssl:warn] [pid 4688:tid 428] AH01909: www.example.com:443:0 server certificate does NOT include an ID which matches the server name
[Thu Nov 07 12:54:42.695097 2024] [core:warn] [pid 4688:tid 428] AH00098: pid file C:/xampp/apache/logs/httpd.pid overwritten -- Unclean shutdown of previous Apache run?
[Thu Nov 07 12:54:42.705228 2024] [ssl:warn] [pid 4688:tid 428] AH01909: www.example.com:443:0 server certificate does NOT include an ID which matches the server name
[Thu Nov 07 12:54:42.845551 2024] [mpm_winnt:notice] [pid 4688:tid 428] AH00455: Apache/2.4.58 (Win64) OpenSSL/3.1.3 PHP/8.2.12 configured -- resuming normal operations
[Thu Nov 07 12:54:42.845551 2024] [mpm_winnt:notice] [pid 4688:tid 428] AH00456: Apache Lounge VS17 Server built: Oct 18 2023 13:03:18
[Thu Nov 07 12:54:42.845551 2024] [core:notice] [pid 4688:tid 428] AH00094: Command line: 'C:\\xampp\\apache\\bin\\httpd.exe -d C:/xampp/apache'
[Thu Nov 07 12:54:42.847612 2024] [mpm_winnt:notice] [pid 4688:tid 428] AH00418: Parent: Created child process 7216
[Thu Nov 07 12:54:43.503748 2024] [ssl:warn] [pid 7216:tid 420] AH01909: www.example.com:443:0 server certificate does NOT include an ID which matches the server name
[Thu Nov 07 12:54:43.534998 2024] [ssl:warn] [pid 7216:tid 420] AH01909: www.example.com:443:0 server certificate does NOT include an ID which matches the server name
[Thu Nov 07 12:54:43.581872 2024] [mpm_winnt:notice] [pid 7216:tid 420] AH00354: Child: Starting 150 worker threads.
[Thu Nov 07 13:12:49.650972 2024] [ssl:warn] [pid 4684:tid 412] AH01909: www.example.com:443:0 server certificate does NOT include an ID which matches the server name
[Thu Nov 07 13:12:49.693985 2024] [core:warn] [pid 4684:tid 412] AH00098: pid file C:/xampp/apache/logs/httpd.pid overwritten -- Unclean shutdown of previous Apache run?
[Thu Nov 07 13:12:49.704115 2024] [ssl:warn] [pid 4684:tid 412] AH01909: www.example.com:443:0 server certificate does NOT include an ID which matches the server name
[Thu Nov 07 13:12:49.856909 2024] [mpm_winnt:notice] [pid 4684:tid 412] AH00455: Apache/2.4.58 (Win64) OpenSSL/3.1.3 PHP/8.2.12 configured -- resuming normal operations
[Thu Nov 07 13:12:49.856909 2024] [mpm_winnt:notice] [pid 4684:tid 412] AH00456: Apache Lounge VS17 Server built: Oct 18 2023 13:03:18
[Thu Nov 07 13:12:49.856909 2024] [core:notice] [pid 4684:tid 412] AH00094: Command line: 'C:\\xampp\\apache\\bin\\httpd.exe -d C:/xampp/apache'
[Thu Nov 07 13:12:49.856909 2024] [mpm_winnt:notice] [pid 4684:tid 412] AH00418: Parent: Created child process 7932
[Thu Nov 07 13:12:50.395628 2024] [ssl:warn] [pid 7932:tid 420] AH01909: www.example.com:443:0 server certificate does NOT include an ID which matches the server name
[Thu Nov 07 13:12:50.434166 2024] [ssl:warn] [pid 7932:tid 420] AH01909: www.example.com:443:0 server certificate does NOT include an ID which matches the server name
[Thu Nov 07 13:12:50.476884 2024] [mpm_winnt:notice] [pid 7932:tid 420] AH00354: Child: Starting 150 worker threads.
[Thu Nov 07 14:11:26.758875 2024] [php:warn] [pid 7932:tid 1860] [client ::1:51318] PHP Warning:  Undefined array key "name" in C:\\xampp\\htdocs\\wordpress\\wp-content\\plugins\\woocommerce\\includes\\class-wc-install.php on line 921, referer: http://localhost/wordpress/wp-admin/themes.php?page=starter-templates&ci=6&s=Sports+store
[Thu Nov 07 14:11:26.758875 2024] [php:warn] [pid 7932:tid 1860] [client ::1:51318] PHP Warning:  Undefined array key "title" in C:\\xampp\\htdocs\\wordpress\\wp-content\\plugins\\woocommerce\\includes\\class-wc-install.php on line 923, referer: http://localhost/wordpress/wp-admin/themes.php?page=starter-templates&ci=6&s=Sports+store
[Thu Nov 07 14:11:26.844892 2024] [php:warn] [pid 7932:tid 1860] [client ::1:51318] PHP Warning:  Undefined array key "name" in C:\\xampp\\htdocs\\wordpress\\wp-content\\plugins\\woocommerce\\includes\\class-wc-install.php on line 921, referer: http://localhost/wordpress/wp-admin/themes.php?page=starter-templates&ci=6&s=Sports+store
[Thu Nov 07 14:11:26.844892 2024] [php:warn] [pid 7932:tid 1860] [client ::1:51318] PHP Warning:  Undefined array key "title" in C:\\xampp\\htdocs\\wordpress\\wp-content\\plugins\\woocommerce\\includes\\class-wc-install.php on line 923, referer: http://localhost/wordpress/wp-admin/themes.php?page=starter-templates&ci=6&s=Sports+store
[Thu Nov 07 14:11:26.911769 2024] [access_compat:error] [pid 7932:tid 1828] [client ::1:51333] AH01797: client denied by server configuration: C:/xampp/htdocs/wordpress/wp-content/uploads/woocommerce_uploads/
[Thu Nov 07 14:11:30.433658 2024] [php:notice] [pid 7932:tid 1860] [client ::1:51318] WordPress database error Table 'wp_wc_orders' already exists for query \nCREATE TABLE wp_wc_orders (\n\tid bigint(20) unsigned,\n\tstatus varchar(20) null,\n\tcurrency varchar(10) null,\n\ttype varchar(20) null,\n\ttax_amount decimal(26,8) null,\n\ttotal_amount decimal(26,8) null,\n\tcustomer_id bigint(20) unsigned null,\n\tbilling_email varchar(320) null,\n\tdate_created_gmt datetime null,\n\tdate_updated_gmt datetime null,\n\tparent_order_id bigint(20) unsigned null,\n\tpayment_method varchar(100) null,\n\tpayment_method_title text null,\n\ttransaction_id varchar(100) null,\n\tip_address varchar(100) null,\n\tuser_agent text null,\n\tcustomer_note text null,\n\tPRIMARY KEY (id),\n\tKEY status (status),\n\tKEY date_created (date_created_gmt),\n\tKEY customer_id_billing_email (customer_id, billing_email(171)),\n\tKEY billing_email (billing_email(191)),\n\tKEY type_status_date (type, status, date_created_gmt),\n\tKEY parent_order_id (parent_order_id),\n\tKEY date_updated (date_updated_gmt)\n) DEFAULT CHARACTER SET utf8mb4 COLLATE utf8mb4_unicode_520_ci made by do_action('admin_init'), WP_Hook->do_action, WP_Hook->apply_filters, WC_Install::__callStatic, call_user_func_array, WC_Install::newly_installed, do_action('woocommerce_newly_installed'), WP_Hook->do_action, WP_Hook->apply_filters, WC_Install::maybe_enable_hpos, Automattic\\WooCommerce\\Internal\\Features\\FeaturesController->change_feature_enable, update_option, apply_filters('pre_update_option'), WP_Hook->apply_filters, Automattic\\WooCommerce\\Internal\\DataStores\\Orders\\CustomOrdersTableController->__call, call_user_func_array, Automattic\\WooCommerce\\Internal\\DataStores\\Orders\\CustomOrdersTableController->process_pre_update_option, Automattic\\WooCommerce\\Internal\\DataStores\\Orders\\DataSynchronizer->create_database_tables, Automattic\\WooCommerce\\Internal\\Utilities\\DatabaseUtil->dbdelta, dbDelta, referer: http://localhost/wordpress/wp-admin/themes.php?page=starter-templates&ci=6&s=Sports+store
[Thu Nov 07 14:11:30.445892 2024] [php:notice] [pid 7932:tid 1860] [client ::1:51318] WordPress database error Table 'wp_wc_order_addresses' already exists for query \nCREATE TABLE wp_wc_order_addresses (\n\tid bigint(20) unsigned auto_increment primary key,\n\torder_id bigint(20) unsigned NOT NULL,\n\taddress_type varchar(20) null,\n\tfirst_name text null,\n\tlast_name text null,\n\tcompany text null,\n\taddress_1 text null,\n\taddress_2 text null,\n\tcity text null,\n\tstate text null,\n\tpostcode text null,\n\tcountry text null,\n\temail varchar(320) null,\n\tphone varchar(100) null,\n\tKEY order_id (order_id),\n\tUNIQUE KEY address_type_order_id (address_type, order_id),\n\tKEY email (email(191)),\n\tKEY phone (phone)\n) DEFAULT CHARACTER SET utf8mb4 COLLATE utf8mb4_unicode_520_ci made by do_action('admin_init'), WP_Hook->do_action, WP_Hook->apply_filters, WC_Install::__callStatic, call_user_func_array, WC_Install::newly_installed, do_action('woocommerce_newly_installed'), WP_Hook->do_action, WP_Hook->apply_filters, WC_Install::maybe_enable_hpos, Automattic\\WooCommerce\\Internal\\Features\\FeaturesController->change_feature_enable, update_option, apply_filters('pre_update_option'), WP_Hook->apply_filters, Automattic\\WooCommerce\\Internal\\DataStores\\Orders\\CustomOrdersTableController->__call, call_user_func_array, Automattic\\WooCommerce\\Internal\\DataStores\\Orders\\CustomOrdersTableController->process_pre_update_option, Automattic\\WooCommerce\\Internal\\DataStores\\Orders\\DataSynchronizer->create_database_tables, Automattic\\WooCommerce\\Internal\\Utilities\\DatabaseUtil->dbdelta, dbDelta, referer: http://localhost/wordpress/wp-admin/themes.php?page=starter-templates&ci=6&s=Sports+store
[Thu Nov 07 14:11:30.463161 2024] [php:notice] [pid 7932:tid 1860] [client ::1:51318] WordPress database error Table 'wp_wc_order_operational_data' already exists for query \nCREATE TABLE wp_wc_order_operational_data (\n\tid bigint(20) unsigned auto_increment primary key,\n\torder_id bigint(20) unsigned NULL,\n\tcreated_via varchar(100) NULL,\n\twoocommerce_version varchar(20) NULL,\n\tprices_include_tax tinyint(1) NULL,\n\tcoupon_usages_are_counted tinyint(1) NULL,\n\tdownload_permission_granted tinyint(1) NULL,\n\tcart_hash varchar(100) NULL,\n\tnew_order_email_sent tinyint(1) NULL,\n\torder_key varchar(100) NULL,\n\torder_stock_reduced tinyint(1) NULL,\n\tdate_paid_gmt datetime NULL,\n\tdate_completed_gmt datetime NULL,\n\tshipping_tax_amount decimal(26,8) NULL,\n\tshipping_total_amount decimal(26,8) NULL,\n\tdiscount_tax_amount decimal(26,8) NULL,\n\tdiscount_total_amount decimal(26,8) NULL,\n\trecorded_sales tinyint(1) NULL,\n\tUNIQUE KEY order_id (order_id),\n\tKEY order_key (order_key)\n) DEFAULT CHARACTER SET utf8mb4 COLLATE utf8mb4_unicode_520_ci made by do_action('admin_init'), WP_Hook->do_action, WP_Hook->apply_filters, WC_Install::__callStatic, call_user_func_array, WC_Install::newly_installed, do_action('woocommerce_newly_installed'), WP_Hook->do_action, WP_Hook->apply_filters, WC_Install::maybe_enable_hpos, Automattic\\WooCommerce\\Internal\\Features\\FeaturesController->change_feature_enable, update_option, apply_filters('pre_update_option'), WP_Hook->apply_filters, Automattic\\WooCommerce\\Internal\\DataStores\\Orders\\CustomOrdersTableController->__call, call_user_func_array, Automattic\\WooCommerce\\Internal\\DataStores\\Orders\\CustomOrdersTableController->process_pre_update_option, Automattic\\WooCommerce\\Internal\\DataStores\\Orders\\DataSynchronizer->create_database_tables, Automattic\\WooCommerce\\Internal\\Utilities\\DatabaseUtil->dbdelta, dbDelta, referer: http://localhost/wordpress/wp-admin/themes.php?page=starter-templates&ci=6&s=Sports+store
[Thu Nov 07 14:11:30.479658 2024] [php:notice] [pid 7932:tid 1860] [client ::1:51318] WordPress database error Table 'wp_wc_orders_meta' already exists for query \nCREATE TABLE wp_wc_orders_meta (\n\tid bigint(20) unsigned auto_increment primary key,\n\torder_id bigint(20) unsigned null,\n\tmeta_key varchar(255),\n\tmeta_value text null,\n\tKEY meta_key_value (meta_key(100), meta_value(82)),\n\tKEY order_id_meta_key_meta_value (order_id, meta_key(100), meta_value(82))\n) DEFAULT CHARACTER SET utf8mb4 COLLATE utf8mb4_unicode_520_ci made by do_action('admin_init'), WP_Hook->do_action, WP_Hook->apply_filters, WC_Install::__callStatic, call_user_func_array, WC_Install::newly_installed, do_action('woocommerce_newly_installed'), WP_Hook->do_action, WP_Hook->apply_filters, WC_Install::maybe_enable_hpos, Automattic\\WooCommerce\\Internal\\Features\\FeaturesController->change_feature_enable, update_option, apply_filters('pre_update_option'), WP_Hook->apply_filters, Automattic\\WooCommerce\\Internal\\DataStores\\Orders\\CustomOrdersTableController->__call, call_user_func_array, Automattic\\WooCommerce\\Internal\\DataStores\\Orders\\CustomOrdersTableController->process_pre_update_option, Automattic\\WooCommerce\\Internal\\DataStores\\Orders\\DataSynchronizer->create_database_tables, Automattic\\WooCommerce\\Internal\\Utilities\\DatabaseUtil->dbdelta, dbDelta, referer: http://localhost/wordpress/wp-admin/themes.php?page=starter-templates&ci=6&s=Sports+store
[Thu Nov 07 14:43:09.499307 2024] [mpm_winnt:notice] [pid 4684:tid 412] AH00422: Parent: Received shutdown signal -- Shutting down the server.
[Thu Nov 07 14:43:11.503222 2024] [mpm_winnt:notice] [pid 7932:tid 420] AH00364: Child: All worker threads have exited.
[Thu Nov 07 14:43:11.591281 2024] [mpm_winnt:notice] [pid 4684:tid 412] AH00430: Parent: Child process 7932 exited successfully.
[Fri Nov 08 11:12:43.878339 2024] [ssl:warn] [pid 4360:tid 420] AH01909: www.example.com:443:0 server certificate does NOT include an ID which matches the server name
[Fri Nov 08 11:12:43.929264 2024] [ssl:warn] [pid 4360:tid 420] AH01909: www.example.com:443:0 server certificate does NOT include an ID which matches the server name
[Fri Nov 08 11:12:44.061847 2024] [mpm_winnt:notice] [pid 4360:tid 420] AH00455: Apache/2.4.58 (Win64) OpenSSL/3.1.3 PHP/8.2.12 configured -- resuming normal operations
[Fri Nov 08 11:12:44.061847 2024] [mpm_winnt:notice] [pid 4360:tid 420] AH00456: Apache Lounge VS17 Server built: Oct 18 2023 13:03:18
[Fri Nov 08 11:12:44.061847 2024] [core:notice] [pid 4360:tid 420] AH00094: Command line: 'C:\\xampp\\apache\\bin\\httpd.exe -d C:/xampp/apache'
[Fri Nov 08 11:12:44.069925 2024] [mpm_winnt:notice] [pid 4360:tid 420] AH00418: Parent: Created child process 6336
[Fri Nov 08 11:12:44.546052 2024] [ssl:warn] [pid 6336:tid 420] AH01909: www.example.com:443:0 server certificate does NOT include an ID which matches the server name
[Fri Nov 08 11:12:44.577307 2024] [ssl:warn] [pid 6336:tid 420] AH01909: www.example.com:443:0 server certificate does NOT include an ID which matches the server name
[Fri Nov 08 11:12:44.615078 2024] [mpm_winnt:notice] [pid 6336:tid 420] AH00354: Child: Starting 150 worker threads.
[Fri Nov 08 12:45:02.748513 2024] [php:notice] [pid 6336:tid 1844] [client ::1:50386] Error de evento de reprogramaci\xc3\xb3n de cron para el gancho: action_scheduler_run_queue. C\xc3\xb3digo de error: could_not_set. Mensaje de error: No se ha podido guardar la lista de eventos del cron.. Datos: {"schedule":"every_minute","args":["WP Cron"],"interval":60}
[Fri Nov 08 12:45:02.846505 2024] [php:notice] [pid 6336:tid 1844] [client ::1:50386] Error de evento de reprogramaci\xc3\xb3n de cron para el gancho: cartflows_ca_update_order_status_action. C\xc3\xb3digo de error: could_not_set. Mensaje de error: No se ha podido guardar la lista de eventos del cron.. Datos: {"schedule":"every_fifteen_minutes","args":[],"interval":1200}
[Fri Nov 08 12:45:22.469788 2024] [php:warn] [pid 6336:tid 1852] [client ::1:50385] PHP Warning:  Undefined property: WP_Error::$id in C:\\xampp\\htdocs\\wordpress\\wp-content\\plugins\\surecart\\app\\src\\WordPress\\HealthService.php on line 106
[Fri Nov 08 12:45:22.469788 2024] [php:warn] [pid 6336:tid 1852] [client ::1:50385] PHP Warning:  Undefined property: WP_Error::$id in C:\\xampp\\htdocs\\wordpress\\wp-content\\plugins\\surecart\\app\\src\\WordPress\\HealthService.php on line 109
[Fri Nov 08 12:45:22.469788 2024] [php:warn] [pid 6336:tid 1852] [client ::1:50385] PHP Warning:  Undefined property: WP_Error::$id in C:\\xampp\\htdocs\\wordpress\\wp-content\\plugins\\surecart\\app\\src\\WordPress\\HealthService.php on line 113
[Fri Nov 08 12:45:22.471776 2024] [php:warn] [pid 6336:tid 1844] [client ::1:50386] PHP Warning:  Undefined property: WP_Error::$id in C:\\xampp\\htdocs\\wordpress\\wp-content\\plugins\\surecart\\app\\src\\WordPress\\HealthService.php on line 106
[Fri Nov 08 12:45:22.471776 2024] [php:warn] [pid 6336:tid 1844] [client ::1:50386] PHP Warning:  Undefined property: WP_Error::$id in C:\\xampp\\htdocs\\wordpress\\wp-content\\plugins\\surecart\\app\\src\\WordPress\\HealthService.php on line 109
[Fri Nov 08 12:45:22.471776 2024] [php:warn] [pid 6336:tid 1844] [client ::1:50386] PHP Warning:  Undefined property: WP_Error::$id in C:\\xampp\\htdocs\\wordpress\\wp-content\\plugins\\surecart\\app\\src\\WordPress\\HealthService.php on line 113
[Mon Nov 11 11:31:07.511688 2024] [access_compat:error] [pid 6336:tid 1852] [client ::1:58304] AH01797: client denied by server configuration: C:/xampp/htdocs/wordpress/wp-content/uploads/woocommerce_uploads/
[Mon Nov 11 11:36:58.036374 2024] [php:warn] [pid 6336:tid 1844] [client ::1:58442] PHP Warning:  Constant ASTRA_THEME_VERSION already defined in C:\\xampp\\htdocs\\wordpress\\wp-content\\themes\\astra\\functions.php on line 18, referer: http://localhost/wordpress/wp-admin/themes.php
[Mon Nov 11 11:36:58.036374 2024] [php:warn] [pid 6336:tid 1844] [client ::1:58442] PHP Warning:  Constant ASTRA_THEME_SETTINGS already defined in C:\\xampp\\htdocs\\wordpress\\wp-content\\themes\\astra\\functions.php on line 19, referer: http://localhost/wordpress/wp-admin/themes.php
[Mon Nov 11 11:36:58.036374 2024] [php:warn] [pid 6336:tid 1844] [client ::1:58442] PHP Warning:  Constant ASTRA_THEME_DIR already defined in C:\\xampp\\htdocs\\wordpress\\wp-content\\themes\\astra\\functions.php on line 20, referer: http://localhost/wordpress/wp-admin/themes.php
[Mon Nov 11 11:36:58.036374 2024] [php:warn] [pid 6336:tid 1844] [client ::1:58442] PHP Warning:  Constant ASTRA_THEME_URI already defined in C:\\xampp\\htdocs\\wordpress\\wp-content\\themes\\astra\\functions.php on line 21, referer: http://localhost/wordpress/wp-admin/themes.php
[Mon Nov 11 11:36:58.036374 2024] [php:warn] [pid 6336:tid 1844] [client ::1:58442] PHP Warning:  Constant ASTRA_EXT_MIN_VER already defined in C:\\xampp\\htdocs\\wordpress\\wp-content\\themes\\astra\\functions.php on line 27, referer: http://localhost/wordpress/wp-admin/themes.php
[Mon Nov 11 11:36:58.036374 2024] [php:warn] [pid 6336:tid 1844] [client ::1:58442] PHP Warning:  Constant ASTRA_PRO_UPGRADE_URL already defined in C:\\xampp\\htdocs\\wordpress\\wp-content\\themes\\astra\\functions.php on line 37, referer: http://localhost/wordpress/wp-admin/themes.php
[Mon Nov 11 11:36:58.036374 2024] [php:warn] [pid 6336:tid 1844] [client ::1:58442] PHP Warning:  Constant ASTRA_PRO_CUSTOMIZER_UPGRADE_URL already defined in C:\\xampp\\htdocs\\wordpress\\wp-content\\themes\\astra\\functions.php on line 38, referer: http://localhost/wordpress/wp-admin/themes.php
[Mon Nov 11 11:36:59.604588 2024] [php:warn] [pid 6336:tid 1812] [client ::1:58445] PHP Warning:  Constant ASTRA_THEME_VERSION already defined in C:\\xampp\\htdocs\\wordpress\\wp-content\\themes\\astra\\functions.php on line 18
[Mon Nov 11 11:36:59.604588 2024] [php:warn] [pid 6336:tid 1812] [client ::1:58445] PHP Warning:  Constant ASTRA_THEME_SETTINGS already defined in C:\\xampp\\htdocs\\wordpress\\wp-content\\themes\\astra\\functions.php on line 19
[Mon Nov 11 11:36:59.604588 2024] [php:warn] [pid 6336:tid 1812] [client ::1:58445] PHP Warning:  Constant ASTRA_THEME_DIR already defined in C:\\xampp\\htdocs\\wordpress\\wp-content\\themes\\astra\\functions.php on line 20
[Mon Nov 11 11:36:59.604588 2024] [php:warn] [pid 6336:tid 1812] [client ::1:58445] PHP Warning:  Constant ASTRA_THEME_URI already defined in C:\\xampp\\htdocs\\wordpress\\wp-content\\themes\\astra\\functions.php on line 21
[Mon Nov 11 11:36:59.604588 2024] [php:warn] [pid 6336:tid 1812] [client ::1:58445] PHP Warning:  Constant ASTRA_EXT_MIN_VER already defined in C:\\xampp\\htdocs\\wordpress\\wp-content\\themes\\astra\\functions.php on line 27
[Mon Nov 11 11:36:59.604588 2024] [php:warn] [pid 6336:tid 1812] [client ::1:58445] PHP Warning:  Constant ASTRA_PRO_UPGRADE_URL already defined in C:\\xampp\\htdocs\\wordpress\\wp-content\\themes\\astra\\functions.php on line 37
[Mon Nov 11 11:36:59.604588 2024] [php:warn] [pid 6336:tid 1812] [client ::1:58445] PHP Warning:  Constant ASTRA_PRO_CUSTOMIZER_UPGRADE_URL already defined in C:\\xampp\\htdocs\\wordpress\\wp-content\\themes\\astra\\functions.php on line 38
[Mon Nov 11 11:37:02.127686 2024] [php:warn] [pid 6336:tid 1844] [client ::1:58442] PHP Warning:  Constant ASTRA_THEME_VERSION already defined in C:\\xampp\\htdocs\\wordpress\\wp-content\\themes\\astra\\functions.php on line 18, referer: http://localhost/wordpress/wp-admin/themes.php
[Mon Nov 11 11:37:02.127686 2024] [php:warn] [pid 6336:tid 1844] [client ::1:58442] PHP Warning:  Constant ASTRA_THEME_SETTINGS already defined in C:\\xampp\\htdocs\\wordpress\\wp-content\\themes\\astra\\functions.php on line 19, referer: http://localhost/wordpress/wp-admin/themes.php
[Mon Nov 11 11:37:02.127686 2024] [php:warn] [pid 6336:tid 1844] [client ::1:58442] PHP Warning:  Constant ASTRA_THEME_DIR already defined in C:\\xampp\\htdocs\\wordpress\\wp-content\\themes\\astra\\functions.php on line 20, referer: http://localhost/wordpress/wp-admin/themes.php
[Mon Nov 11 11:37:02.127686 2024] [php:warn] [pid 6336:tid 1844] [client ::1:58442] PHP Warning:  Constant ASTRA_THEME_URI already defined in C:\\xampp\\htdocs\\wordpress\\wp-content\\themes\\astra\\functions.php on line 21, referer: http://localhost/wordpress/wp-admin/themes.php
[Mon Nov 11 11:37:02.127686 2024] [php:warn] [pid 6336:tid 1844] [client ::1:58442] PHP Warning:  Constant ASTRA_EXT_MIN_VER already defined in C:\\xampp\\htdocs\\wordpress\\wp-content\\themes\\astra\\functions.php on line 27, referer: http://localhost/wordpress/wp-admin/themes.php
[Mon Nov 11 11:37:02.127686 2024] [php:warn] [pid 6336:tid 1844] [client ::1:58442] PHP Warning:  Constant ASTRA_PRO_UPGRADE_URL already defined in C:\\xampp\\htdocs\\wordpress\\wp-content\\themes\\astra\\functions.php on line 37, referer: http://localhost/wordpress/wp-admin/themes.php
[Mon Nov 11 11:37:02.127686 2024] [php:warn] [pid 6336:tid 1844] [client ::1:58442] PHP Warning:  Constant ASTRA_PRO_CUSTOMIZER_UPGRADE_URL already defined in C:\\xampp\\htdocs\\wordpress\\wp-content\\themes\\astra\\functions.php on line 38, referer: http://localhost/wordpress/wp-admin/themes.php
[Mon Nov 11 11:38:02.584523 2024] [php:warn] [pid 6336:tid 1844] [client ::1:58458] PHP Warning:  Constant ASTRA_THEME_VERSION already defined in C:\\xampp\\htdocs\\wordpress\\wp-content\\themes\\astra\\functions.php on line 18, referer: http://localhost/wordpress/wp-admin/themes.php
[Mon Nov 11 11:38:02.584523 2024] [php:warn] [pid 6336:tid 1844] [client ::1:58458] PHP Warning:  Constant ASTRA_THEME_SETTINGS already defined in C:\\xampp\\htdocs\\wordpress\\wp-content\\themes\\astra\\functions.php on line 19, referer: http://localhost/wordpress/wp-admin/themes.php
[Mon Nov 11 11:38:02.584523 2024] [php:warn] [pid 6336:tid 1844] [client ::1:58458] PHP Warning:  Constant ASTRA_THEME_DIR already defined in C:\\xampp\\htdocs\\wordpress\\wp-content\\themes\\astra\\functions.php on line 20, referer: http://localhost/wordpress/wp-admin/themes.php
[Mon Nov 11 11:38:02.584523 2024] [php:warn] [pid 6336:tid 1844] [client ::1:58458] PHP Warning:  Constant ASTRA_THEME_URI already defined in C:\\xampp\\htdocs\\wordpress\\wp-content\\themes\\astra\\functions.php on line 21, referer: http://localhost/wordpress/wp-admin/themes.php
[Mon Nov 11 11:38:02.584523 2024] [php:warn] [pid 6336:tid 1844] [client ::1:58458] PHP Warning:  Constant ASTRA_EXT_MIN_VER already defined in C:\\xampp\\htdocs\\wordpress\\wp-content\\themes\\astra\\functions.php on line 27, referer: http://localhost/wordpress/wp-admin/themes.php
[Mon Nov 11 11:38:02.584523 2024] [php:warn] [pid 6336:tid 1844] [client ::1:58458] PHP Warning:  Constant ASTRA_PRO_UPGRADE_URL already defined in C:\\xampp\\htdocs\\wordpress\\wp-content\\themes\\astra\\functions.php on line 37, referer: http://localhost/wordpress/wp-admin/themes.php
[Mon Nov 11 11:38:02.592627 2024] [php:warn] [pid 6336:tid 1844] [client ::1:58458] PHP Warning:  Constant ASTRA_PRO_CUSTOMIZER_UPGRADE_URL already defined in C:\\xampp\\htdocs\\wordpress\\wp-content\\themes\\astra\\functions.php on line 38, referer: http://localhost/wordpress/wp-admin/themes.php
[Mon Nov 11 11:38:04.563580 2024] [php:warn] [pid 6336:tid 1852] [client ::1:58460] PHP Warning:  Constant ASTRA_THEME_VERSION already defined in C:\\xampp\\htdocs\\wordpress\\wp-content\\themes\\astra\\functions.php on line 18
[Mon Nov 11 11:38:04.563580 2024] [php:warn] [pid 6336:tid 1852] [client ::1:58460] PHP Warning:  Constant ASTRA_THEME_SETTINGS already defined in C:\\xampp\\htdocs\\wordpress\\wp-content\\themes\\astra\\functions.php on line 19
[Mon Nov 11 11:38:04.563580 2024] [php:warn] [pid 6336:tid 1852] [client ::1:58460] PHP Warning:  Constant ASTRA_THEME_DIR already defined in C:\\xampp\\htdocs\\wordpress\\wp-content\\themes\\astra\\functions.php on line 20
[Mon Nov 11 11:38:04.563580 2024] [php:warn] [pid 6336:tid 1852] [client ::1:58460] PHP Warning:  Constant ASTRA_THEME_URI already defined in C:\\xampp\\htdocs\\wordpress\\wp-content\\themes\\astra\\functions.php on line 21
[Mon Nov 11 11:38:04.563580 2024] [php:warn] [pid 6336:tid 1852] [client ::1:58460] PHP Warning:  Constant ASTRA_EXT_MIN_VER already defined in C:\\xampp\\htdocs\\wordpress\\wp-content\\themes\\astra\\functions.php on line 27
[Mon Nov 11 11:38:04.563580 2024] [php:warn] [pid 6336:tid 1852] [client ::1:58460] PHP Warning:  Constant ASTRA_PRO_UPGRADE_URL already defined in C:\\xampp\\htdocs\\wordpress\\wp-content\\themes\\astra\\functions.php on line 37
[Mon Nov 11 11:38:04.563580 2024] [php:warn] [pid 6336:tid 1852] [client ::1:58460] PHP Warning:  Constant ASTRA_PRO_CUSTOMIZER_UPGRADE_URL already defined in C:\\xampp\\htdocs\\wordpress\\wp-content\\themes\\astra\\functions.php on line 38
[Mon Nov 11 11:39:02.521311 2024] [php:warn] [pid 6336:tid 1844] [client ::1:58462] PHP Warning:  Constant ASTRA_THEME_VERSION already defined in C:\\xampp\\htdocs\\wordpress\\wp-content\\themes\\astra\\functions.php on line 18, referer: http://localhost/wordpress/wp-admin/themes.php
[Mon Nov 11 11:39:02.521311 2024] [php:warn] [pid 6336:tid 1844] [client ::1:58462] PHP Warning:  Constant ASTRA_THEME_SETTINGS already defined in C:\\xampp\\htdocs\\wordpress\\wp-content\\themes\\astra\\functions.php on line 19, referer: http://localhost/wordpress/wp-admin/themes.php
[Mon Nov 11 11:39:02.521311 2024] [php:warn] [pid 6336:tid 1844] [client ::1:58462] PHP Warning:  Constant ASTRA_THEME_DIR already defined in C:\\xampp\\htdocs\\wordpress\\wp-content\\themes\\astra\\functions.php on line 20, referer: http://localhost/wordpress/wp-admin/themes.php
[Mon Nov 11 11:39:02.521311 2024] [php:warn] [pid 6336:tid 1844] [client ::1:58462] PHP Warning:  Constant ASTRA_THEME_URI already defined in C:\\xampp\\htdocs\\wordpress\\wp-content\\themes\\astra\\functions.php on line 21, referer: http://localhost/wordpress/wp-admin/themes.php
[Mon Nov 11 11:39:02.521311 2024] [php:warn] [pid 6336:tid 1844] [client ::1:58462] PHP Warning:  Constant ASTRA_EXT_MIN_VER already defined in C:\\xampp\\htdocs\\wordpress\\wp-content\\themes\\astra\\functions.php on line 27, referer: http://localhost/wordpress/wp-admin/themes.php
[Mon Nov 11 11:39:02.521311 2024] [php:warn] [pid 6336:tid 1844] [client ::1:58462] PHP Warning:  Constant ASTRA_PRO_UPGRADE_URL already defined in C:\\xampp\\htdocs\\wordpress\\wp-content\\themes\\astra\\functions.php on line 37, referer: http://localhost/wordpress/wp-admin/themes.php
[Mon Nov 11 11:39:02.521311 2024] [php:warn] [pid 6336:tid 1844] [client ::1:58462] PHP Warning:  Constant ASTRA_PRO_CUSTOMIZER_UPGRADE_URL already defined in C:\\xampp\\htdocs\\wordpress\\wp-content\\themes\\astra\\functions.php on line 38, referer: http://localhost/wordpress/wp-admin/themes.php
[Mon Nov 11 11:39:04.564171 2024] [php:warn] [pid 6336:tid 1852] [client ::1:58464] PHP Warning:  Constant ASTRA_THEME_VERSION already defined in C:\\xampp\\htdocs\\wordpress\\wp-content\\themes\\astra\\functions.php on line 18
[Mon Nov 11 11:39:04.564171 2024] [php:warn] [pid 6336:tid 1852] [client ::1:58464] PHP Warning:  Constant ASTRA_THEME_SETTINGS already defined in C:\\xampp\\htdocs\\wordpress\\wp-content\\themes\\astra\\functions.php on line 19
[Mon Nov 11 11:39:04.564171 2024] [php:warn] [pid 6336:tid 1852] [client ::1:58464] PHP Warning:  Constant ASTRA_THEME_DIR already defined in C:\\xampp\\htdocs\\wordpress\\wp-content\\themes\\astra\\functions.php on line 20
[Mon Nov 11 11:39:04.564171 2024] [php:warn] [pid 6336:tid 1852] [client ::1:58464] PHP Warning:  Constant ASTRA_THEME_URI already defined in C:\\xampp\\htdocs\\wordpress\\wp-content\\themes\\astra\\functions.php on line 21
[Mon Nov 11 11:39:04.564171 2024] [php:warn] [pid 6336:tid 1852] [client ::1:58464] PHP Warning:  Constant ASTRA_EXT_MIN_VER already defined in C:\\xampp\\htdocs\\wordpress\\wp-content\\themes\\astra\\functions.php on line 27
[Mon Nov 11 11:39:04.564171 2024] [php:warn] [pid 6336:tid 1852] [client ::1:58464] PHP Warning:  Constant ASTRA_PRO_UPGRADE_URL already defined in C:\\xampp\\htdocs\\wordpress\\wp-content\\themes\\astra\\functions.php on line 37
[Mon Nov 11 11:39:04.572184 2024] [php:warn] [pid 6336:tid 1852] [client ::1:58464] PHP Warning:  Constant ASTRA_PRO_CUSTOMIZER_UPGRADE_URL already defined in C:\\xampp\\htdocs\\wordpress\\wp-content\\themes\\astra\\functions.php on line 38
[Mon Nov 11 11:41:02.565878 2024] [php:warn] [pid 6336:tid 1844] [client ::1:58474] PHP Warning:  Constant ASTRA_THEME_VERSION already defined in C:\\xampp\\htdocs\\wordpress\\wp-content\\themes\\astra\\functions.php on line 18, referer: http://localhost/wordpress/wp-admin/themes.php
[Mon Nov 11 11:41:02.565878 2024] [php:warn] [pid 6336:tid 1844] [client ::1:58474] PHP Warning:  Constant ASTRA_THEME_SETTINGS already defined in C:\\xampp\\htdocs\\wordpress\\wp-content\\themes\\astra\\functions.php on line 19, referer: http://localhost/wordpress/wp-admin/themes.php
[Mon Nov 11 11:41:02.565878 2024] [php:warn] [pid 6336:tid 1844] [client ::1:58474] PHP Warning:  Constant ASTRA_THEME_DIR already defined in C:\\xampp\\htdocs\\wordpress\\wp-content\\themes\\astra\\functions.php on line 20, referer: http://localhost/wordpress/wp-admin/themes.php
[Mon Nov 11 11:41:02.565878 2024] [php:warn] [pid 6336:tid 1844] [client ::1:58474] PHP Warning:  Constant ASTRA_THEME_URI already defined in C:\\xampp\\htdocs\\wordpress\\wp-content\\themes\\astra\\functions.php on line 21, referer: http://localhost/wordpress/wp-admin/themes.php
[Mon Nov 11 11:41:02.565878 2024] [php:warn] [pid 6336:tid 1844] [client ::1:58474] PHP Warning:  Constant ASTRA_EXT_MIN_VER already defined in C:\\xampp\\htdocs\\wordpress\\wp-content\\themes\\astra\\functions.php on line 27, referer: http://localhost/wordpress/wp-admin/themes.php
[Mon Nov 11 11:41:02.565878 2024] [php:warn] [pid 6336:tid 1844] [client ::1:58474] PHP Warning:  Constant ASTRA_PRO_UPGRADE_URL already defined in C:\\xampp\\htdocs\\wordpress\\wp-content\\themes\\astra\\functions.php on line 37, referer: http://localhost/wordpress/wp-admin/themes.php
[Mon Nov 11 11:41:02.565878 2024] [php:warn] [pid 6336:tid 1844] [client ::1:58474] PHP Warning:  Constant ASTRA_PRO_CUSTOMIZER_UPGRADE_URL already defined in C:\\xampp\\htdocs\\wordpress\\wp-content\\themes\\astra\\functions.php on line 38, referer: http://localhost/wordpress/wp-admin/themes.php
[Mon Nov 11 11:41:04.538527 2024] [php:warn] [pid 6336:tid 1852] [client ::1:58476] PHP Warning:  Constant ASTRA_THEME_VERSION already defined in C:\\xampp\\htdocs\\wordpress\\wp-content\\themes\\astra\\functions.php on line 18
[Mon Nov 11 11:41:04.538527 2024] [php:warn] [pid 6336:tid 1852] [client ::1:58476] PHP Warning:  Constant ASTRA_THEME_SETTINGS already defined in C:\\xampp\\htdocs\\wordpress\\wp-content\\themes\\astra\\functions.php on line 19
[Mon Nov 11 11:41:04.538527 2024] [php:warn] [pid 6336:tid 1852] [client ::1:58476] PHP Warning:  Constant ASTRA_THEME_DIR already defined in C:\\xampp\\htdocs\\wordpress\\wp-content\\themes\\astra\\functions.php on line 20
[Mon Nov 11 11:41:04.538527 2024] [php:warn] [pid 6336:tid 1852] [client ::1:58476] PHP Warning:  Constant ASTRA_THEME_URI already defined in C:\\xampp\\htdocs\\wordpress\\wp-content\\themes\\astra\\functions.php on line 21
[Mon Nov 11 11:41:04.538527 2024] [php:warn] [pid 6336:tid 1852] [client ::1:58476] PHP Warning:  Constant ASTRA_EXT_MIN_VER already defined in C:\\xampp\\htdocs\\wordpress\\wp-content\\themes\\astra\\functions.php on line 27
[Mon Nov 11 11:41:04.538527 2024] [php:warn] [pid 6336:tid 1852] [client ::1:58476] PHP Warning:  Constant ASTRA_PRO_UPGRADE_URL already defined in C:\\xampp\\htdocs\\wordpress\\wp-content\\themes\\astra\\functions.php on line 37
[Mon Nov 11 11:41:04.538527 2024] [php:warn] [pid 6336:tid 1852] [client ::1:58476] PHP Warning:  Constant ASTRA_PRO_CUSTOMIZER_UPGRADE_URL already defined in C:\\xampp\\htdocs\\wordpress\\wp-content\\themes\\astra\\functions.php on line 38
[Mon Nov 11 11:43:02.230983 2024] [php:warn] [pid 6336:tid 1844] [client ::1:58481] PHP Warning:  Constant ASTRA_THEME_VERSION already defined in C:\\xampp\\htdocs\\wordpress\\wp-content\\themes\\astra\\functions.php on line 18, referer: http://localhost/wordpress/wp-admin/themes.php
[Mon Nov 11 11:43:02.230983 2024] [php:warn] [pid 6336:tid 1844] [client ::1:58481] PHP Warning:  Constant ASTRA_THEME_SETTINGS already defined in C:\\xampp\\htdocs\\wordpress\\wp-content\\themes\\astra\\functions.php on line 19, referer: http://localhost/wordpress/wp-admin/themes.php
[Mon Nov 11 11:43:02.230983 2024] [php:warn] [pid 6336:tid 1844] [client ::1:58481] PHP Warning:  Constant ASTRA_THEME_DIR already defined in C:\\xampp\\htdocs\\wordpress\\wp-content\\themes\\astra\\functions.php on line 20, referer: http://localhost/wordpress/wp-admin/themes.php
[Mon Nov 11 11:43:02.230983 2024] [php:warn] [pid 6336:tid 1844] [client ::1:58481] PHP Warning:  Constant ASTRA_THEME_URI already defined in C:\\xampp\\htdocs\\wordpress\\wp-content\\themes\\astra\\functions.php on line 21, referer: http://localhost/wordpress/wp-admin/themes.php
[Mon Nov 11 11:43:02.230983 2024] [php:warn] [pid 6336:tid 1844] [client ::1:58481] PHP Warning:  Constant ASTRA_EXT_MIN_VER already defined in C:\\xampp\\htdocs\\wordpress\\wp-content\\themes\\astra\\functions.php on line 27, referer: http://localhost/wordpress/wp-admin/themes.php
[Mon Nov 11 11:43:02.230983 2024] [php:warn] [pid 6336:tid 1844] [client ::1:58481] PHP Warning:  Constant ASTRA_PRO_UPGRADE_URL already defined in C:\\xampp\\htdocs\\wordpress\\wp-content\\themes\\astra\\functions.php on line 37, referer: http://localhost/wordpress/wp-admin/themes.php
[Mon Nov 11 11:43:02.230983 2024] [php:warn] [pid 6336:tid 1844] [client ::1:58481] PHP Warning:  Constant ASTRA_PRO_CUSTOMIZER_UPGRADE_URL already defined in C:\\xampp\\htdocs\\wordpress\\wp-content\\themes\\astra\\functions.php on line 38, referer: http://localhost/wordpress/wp-admin/themes.php
[Mon Nov 11 11:43:03.730199 2024] [php:warn] [pid 6336:tid 1852] [client ::1:58483] PHP Warning:  Constant ASTRA_THEME_VERSION already defined in C:\\xampp\\htdocs\\wordpress\\wp-content\\themes\\astra\\functions.php on line 18
[Mon Nov 11 11:43:03.730199 2024] [php:warn] [pid 6336:tid 1852] [client ::1:58483] PHP Warning:  Constant ASTRA_THEME_SETTINGS already defined in C:\\xampp\\htdocs\\wordpress\\wp-content\\themes\\astra\\functions.php on line 19
[Mon Nov 11 11:43:03.730199 2024] [php:warn] [pid 6336:tid 1852] [client ::1:58483] PHP Warning:  Constant ASTRA_THEME_DIR already defined in C:\\xampp\\htdocs\\wordpress\\wp-content\\themes\\astra\\functions.php on line 20
[Mon Nov 11 11:43:03.730199 2024] [php:warn] [pid 6336:tid 1852] [client ::1:58483] PHP Warning:  Constant ASTRA_THEME_URI already defined in C:\\xampp\\htdocs\\wordpress\\wp-content\\themes\\astra\\functions.php on line 21
[Mon Nov 11 11:43:03.730199 2024] [php:warn] [pid 6336:tid 1852] [client ::1:58483] PHP Warning:  Constant ASTRA_EXT_MIN_VER already defined in C:\\xampp\\htdocs\\wordpress\\wp-content\\themes\\astra\\functions.php on line 27
[Mon Nov 11 11:43:03.730199 2024] [php:warn] [pid 6336:tid 1852] [client ::1:58483] PHP Warning:  Constant ASTRA_PRO_UPGRADE_URL already defined in C:\\xampp\\htdocs\\wordpress\\wp-content\\themes\\astra\\functions.php on line 37
[Mon Nov 11 11:43:03.730199 2024] [php:warn] [pid 6336:tid 1852] [client ::1:58483] PHP Warning:  Constant ASTRA_PRO_CUSTOMIZER_UPGRADE_URL already defined in C:\\xampp\\htdocs\\wordpress\\wp-content\\themes\\astra\\functions.php on line 38
[Mon Nov 11 11:45:03.470976 2024] [php:warn] [pid 6336:tid 1844] [client ::1:58497] PHP Warning:  Constant ASTRA_THEME_VERSION already defined in C:\\xampp\\htdocs\\wordpress\\wp-content\\themes\\astra\\functions.php on line 18, referer: http://localhost/wordpress/wp-admin/themes.php
[Mon Nov 11 11:45:03.470976 2024] [php:warn] [pid 6336:tid 1844] [client ::1:58497] PHP Warning:  Constant ASTRA_THEME_SETTINGS already defined in C:\\xampp\\htdocs\\wordpress\\wp-content\\themes\\astra\\functions.php on line 19, referer: http://localhost/wordpress/wp-admin/themes.php
[Mon Nov 11 11:45:03.470976 2024] [php:warn] [pid 6336:tid 1844] [client ::1:58497] PHP Warning:  Constant ASTRA_THEME_DIR already defined in C:\\xampp\\htdocs\\wordpress\\wp-content\\themes\\astra\\functions.php on line 20, referer: http://localhost/wordpress/wp-admin/themes.php
[Mon Nov 11 11:45:03.470976 2024] [php:warn] [pid 6336:tid 1844] [client ::1:58497] PHP Warning:  Constant ASTRA_THEME_URI already defined in C:\\xampp\\htdocs\\wordpress\\wp-content\\themes\\astra\\functions.php on line 21, referer: http://localhost/wordpress/wp-admin/themes.php
[Mon Nov 11 11:45:03.470976 2024] [php:warn] [pid 6336:tid 1844] [client ::1:58497] PHP Warning:  Constant ASTRA_EXT_MIN_VER already defined in C:\\xampp\\htdocs\\wordpress\\wp-content\\themes\\astra\\functions.php on line 27, referer: http://localhost/wordpress/wp-admin/themes.php
[Mon Nov 11 11:45:03.470976 2024] [php:warn] [pid 6336:tid 1844] [client ::1:58497] PHP Warning:  Constant ASTRA_PRO_UPGRADE_URL already defined in C:\\xampp\\htdocs\\wordpress\\wp-content\\themes\\astra\\functions.php on line 37, referer: http://localhost/wordpress/wp-admin/themes.php
[Mon Nov 11 11:45:03.479089 2024] [php:warn] [pid 6336:tid 1844] [client ::1:58497] PHP Warning:  Constant ASTRA_PRO_CUSTOMIZER_UPGRADE_URL already defined in C:\\xampp\\htdocs\\wordpress\\wp-content\\themes\\astra\\functions.php on line 38, referer: http://localhost/wordpress/wp-admin/themes.php
[Mon Nov 11 11:45:05.450546 2024] [php:warn] [pid 6336:tid 1852] [client ::1:58499] PHP Warning:  Constant ASTRA_THEME_VERSION already defined in C:\\xampp\\htdocs\\wordpress\\wp-content\\themes\\astra\\functions.php on line 18
[Mon Nov 11 11:45:05.450546 2024] [php:warn] [pid 6336:tid 1852] [client ::1:58499] PHP Warning:  Constant ASTRA_THEME_SETTINGS already defined in C:\\xampp\\htdocs\\wordpress\\wp-content\\themes\\astra\\functions.php on line 19
[Mon Nov 11 11:45:05.450546 2024] [php:warn] [pid 6336:tid 1852] [client ::1:58499] PHP Warning:  Constant ASTRA_THEME_DIR already defined in C:\\xampp\\htdocs\\wordpress\\wp-content\\themes\\astra\\functions.php on line 20
[Mon Nov 11 11:45:05.450546 2024] [php:warn] [pid 6336:tid 1852] [client ::1:58499] PHP Warning:  Constant ASTRA_THEME_URI already defined in C:\\xampp\\htdocs\\wordpress\\wp-content\\themes\\astra\\functions.php on line 21
[Mon Nov 11 11:45:05.450546 2024] [php:warn] [pid 6336:tid 1852] [client ::1:58499] PHP Warning:  Constant ASTRA_EXT_MIN_VER already defined in C:\\xampp\\htdocs\\wordpress\\wp-content\\themes\\astra\\functions.php on line 27
[Mon Nov 11 11:45:05.450546 2024] [php:warn] [pid 6336:tid 1852] [client ::1:58499] PHP Warning:  Constant ASTRA_PRO_UPGRADE_URL already defined in C:\\xampp\\htdocs\\wordpress\\wp-content\\themes\\astra\\functions.php on line 37
[Mon Nov 11 11:45:05.450546 2024] [php:warn] [pid 6336:tid 1852] [client ::1:58499] PHP Warning:  Constant ASTRA_PRO_CUSTOMIZER_UPGRADE_URL already defined in C:\\xampp\\htdocs\\wordpress\\wp-content\\themes\\astra\\functions.php on line 38
[Mon Nov 11 11:47:04.471642 2024] [php:warn] [pid 6336:tid 1844] [client ::1:58503] PHP Warning:  Constant ASTRA_THEME_VERSION already defined in C:\\xampp\\htdocs\\wordpress\\wp-content\\themes\\astra\\functions.php on line 18, referer: http://localhost/wordpress/wp-admin/themes.php
[Mon Nov 11 11:47:04.471642 2024] [php:warn] [pid 6336:tid 1844] [client ::1:58503] PHP Warning:  Constant ASTRA_THEME_SETTINGS already defined in C:\\xampp\\htdocs\\wordpress\\wp-content\\themes\\astra\\functions.php on line 19, referer: http://localhost/wordpress/wp-admin/themes.php
[Mon Nov 11 11:47:04.471642 2024] [php:warn] [pid 6336:tid 1844] [client ::1:58503] PHP Warning:  Constant ASTRA_THEME_DIR already defined in C:\\xampp\\htdocs\\wordpress\\wp-content\\themes\\astra\\functions.php on line 20, referer: http://localhost/wordpress/wp-admin/themes.php
[Mon Nov 11 11:47:04.471642 2024] [php:warn] [pid 6336:tid 1844] [client ::1:58503] PHP Warning:  Constant ASTRA_THEME_URI already defined in C:\\xampp\\htdocs\\wordpress\\wp-content\\themes\\astra\\functions.php on line 21, referer: http://localhost/wordpress/wp-admin/themes.php
[Mon Nov 11 11:47:04.471642 2024] [php:warn] [pid 6336:tid 1844] [client ::1:58503] PHP Warning:  Constant ASTRA_EXT_MIN_VER already defined in C:\\xampp\\htdocs\\wordpress\\wp-content\\themes\\astra\\functions.php on line 27, referer: http://localhost/wordpress/wp-admin/themes.php
[Mon Nov 11 11:47:04.471642 2024] [php:warn] [pid 6336:tid 1844] [client ::1:58503] PHP Warning:  Constant ASTRA_PRO_UPGRADE_URL already defined in C:\\xampp\\htdocs\\wordpress\\wp-content\\themes\\astra\\functions.php on line 37, referer: http://localhost/wordpress/wp-admin/themes.php
[Mon Nov 11 11:47:04.471642 2024] [php:warn] [pid 6336:tid 1844] [client ::1:58503] PHP Warning:  Constant ASTRA_PRO_CUSTOMIZER_UPGRADE_URL already defined in C:\\xampp\\htdocs\\wordpress\\wp-content\\themes\\astra\\functions.php on line 38, referer: http://localhost/wordpress/wp-admin/themes.php
[Mon Nov 11 11:47:06.421847 2024] [php:warn] [pid 6336:tid 1852] [client ::1:58505] PHP Warning:  Constant ASTRA_THEME_VERSION already defined in C:\\xampp\\htdocs\\wordpress\\wp-content\\themes\\astra\\functions.php on line 18
[Mon Nov 11 11:47:06.421847 2024] [php:warn] [pid 6336:tid 1852] [client ::1:58505] PHP Warning:  Constant ASTRA_THEME_SETTINGS already defined in C:\\xampp\\htdocs\\wordpress\\wp-content\\themes\\astra\\functions.php on line 19
[Mon Nov 11 11:47:06.421847 2024] [php:warn] [pid 6336:tid 1852] [client ::1:58505] PHP Warning:  Constant ASTRA_THEME_DIR already defined in C:\\xampp\\htdocs\\wordpress\\wp-content\\themes\\astra\\functions.php on line 20
[Mon Nov 11 11:47:06.421847 2024] [php:warn] [pid 6336:tid 1852] [client ::1:58505] PHP Warning:  Constant ASTRA_THEME_URI already defined in C:\\xampp\\htdocs\\wordpress\\wp-content\\themes\\astra\\functions.php on line 21
[Mon Nov 11 11:47:06.421847 2024] [php:warn] [pid 6336:tid 1852] [client ::1:58505] PHP Warning:  Constant ASTRA_EXT_MIN_VER already defined in C:\\xampp\\htdocs\\wordpress\\wp-content\\themes\\astra\\functions.php on line 27
[Mon Nov 11 11:47:06.421847 2024] [php:warn] [pid 6336:tid 1852] [client ::1:58505] PHP Warning:  Constant ASTRA_PRO_UPGRADE_URL already defined in C:\\xampp\\htdocs\\wordpress\\wp-content\\themes\\astra\\functions.php on line 37
[Mon Nov 11 11:47:06.421847 2024] [php:warn] [pid 6336:tid 1852] [client ::1:58505] PHP Warning:  Constant ASTRA_PRO_CUSTOMIZER_UPGRADE_URL already defined in C:\\xampp\\htdocs\\wordpress\\wp-content\\themes\\astra\\functions.php on line 38
[Mon Nov 11 11:49:56.892991 2024] [php:warn] [pid 6336:tid 1844] [client ::1:58516] PHP Warning:  Constant ASTRA_THEME_VERSION already defined in C:\\xampp\\htdocs\\wordpress\\wp-content\\themes\\astra\\functions.php on line 18, referer: http://localhost/wordpress/wp-admin/themes.php
[Mon Nov 11 11:49:56.892991 2024] [php:warn] [pid 6336:tid 1844] [client ::1:58516] PHP Warning:  Constant ASTRA_THEME_SETTINGS already defined in C:\\xampp\\htdocs\\wordpress\\wp-content\\themes\\astra\\functions.php on line 19, referer: http://localhost/wordpress/wp-admin/themes.php
[Mon Nov 11 11:49:56.892991 2024] [php:warn] [pid 6336:tid 1844] [client ::1:58516] PHP Warning:  Constant ASTRA_THEME_DIR already defined in C:\\xampp\\htdocs\\wordpress\\wp-content\\themes\\astra\\functions.php on line 20, referer: http://localhost/wordpress/wp-admin/themes.php
[Mon Nov 11 11:49:56.892991 2024] [php:warn] [pid 6336:tid 1844] [client ::1:58516] PHP Warning:  Constant ASTRA_THEME_URI already defined in C:\\xampp\\htdocs\\wordpress\\wp-content\\themes\\astra\\functions.php on line 21, referer: http://localhost/wordpress/wp-admin/themes.php
[Mon Nov 11 11:49:56.892991 2024] [php:warn] [pid 6336:tid 1844] [client ::1:58516] PHP Warning:  Constant ASTRA_EXT_MIN_VER already defined in C:\\xampp\\htdocs\\wordpress\\wp-content\\themes\\astra\\functions.php on line 27, referer: http://localhost/wordpress/wp-admin/themes.php
[Mon Nov 11 11:49:56.892991 2024] [php:warn] [pid 6336:tid 1844] [client ::1:58516] PHP Warning:  Constant ASTRA_PRO_UPGRADE_URL already defined in C:\\xampp\\htdocs\\wordpress\\wp-content\\themes\\astra\\functions.php on line 37, referer: http://localhost/wordpress/wp-admin/themes.php
[Mon Nov 11 11:49:56.892991 2024] [php:warn] [pid 6336:tid 1844] [client ::1:58516] PHP Warning:  Constant ASTRA_PRO_CUSTOMIZER_UPGRADE_URL already defined in C:\\xampp\\htdocs\\wordpress\\wp-content\\themes\\astra\\functions.php on line 38, referer: http://localhost/wordpress/wp-admin/themes.php
[Mon Nov 11 11:49:59.060915 2024] [php:warn] [pid 6336:tid 1852] [client ::1:58519] PHP Warning:  Constant ASTRA_THEME_VERSION already defined in C:\\xampp\\htdocs\\wordpress\\wp-content\\themes\\astra\\functions.php on line 18
[Mon Nov 11 11:49:59.060915 2024] [php:warn] [pid 6336:tid 1852] [client ::1:58519] PHP Warning:  Constant ASTRA_THEME_SETTINGS already defined in C:\\xampp\\htdocs\\wordpress\\wp-content\\themes\\astra\\functions.php on line 19
[Mon Nov 11 11:49:59.060915 2024] [php:warn] [pid 6336:tid 1852] [client ::1:58519] PHP Warning:  Constant ASTRA_THEME_DIR already defined in C:\\xampp\\htdocs\\wordpress\\wp-content\\themes\\astra\\functions.php on line 20
[Mon Nov 11 11:49:59.060915 2024] [php:warn] [pid 6336:tid 1852] [client ::1:58519] PHP Warning:  Constant ASTRA_THEME_URI already defined in C:\\xampp\\htdocs\\wordpress\\wp-content\\themes\\astra\\functions.php on line 21
[Mon Nov 11 11:49:59.060915 2024] [php:warn] [pid 6336:tid 1852] [client ::1:58519] PHP Warning:  Constant ASTRA_EXT_MIN_VER already defined in C:\\xampp\\htdocs\\wordpress\\wp-content\\themes\\astra\\functions.php on line 27
[Mon Nov 11 11:49:59.060915 2024] [php:warn] [pid 6336:tid 1852] [client ::1:58519] PHP Warning:  Constant ASTRA_PRO_UPGRADE_URL already defined in C:\\xampp\\htdocs\\wordpress\\wp-content\\themes\\astra\\functions.php on line 37
[Mon Nov 11 11:49:59.060915 2024] [php:warn] [pid 6336:tid 1852] [client ::1:58519] PHP Warning:  Constant ASTRA_PRO_CUSTOMIZER_UPGRADE_URL already defined in C:\\xampp\\htdocs\\wordpress\\wp-content\\themes\\astra\\functions.php on line 38
[Mon Nov 11 11:50:42.354214 2024] [php:warn] [pid 6336:tid 1844] [client ::1:58522] PHP Warning:  Constant ASTRA_THEME_VERSION already defined in C:\\xampp\\htdocs\\wordpress\\wp-content\\themes\\astra\\functions.php on line 18, referer: http://localhost/wordpress/wp-admin/themes.php
[Mon Nov 11 11:50:42.354214 2024] [php:warn] [pid 6336:tid 1844] [client ::1:58522] PHP Warning:  Constant ASTRA_THEME_SETTINGS already defined in C:\\xampp\\htdocs\\wordpress\\wp-content\\themes\\astra\\functions.php on line 19, referer: http://localhost/wordpress/wp-admin/themes.php
[Mon Nov 11 11:50:42.354214 2024] [php:warn] [pid 6336:tid 1844] [client ::1:58522] PHP Warning:  Constant ASTRA_THEME_DIR already defined in C:\\xampp\\htdocs\\wordpress\\wp-content\\themes\\astra\\functions.php on line 20, referer: http://localhost/wordpress/wp-admin/themes.php
[Mon Nov 11 11:50:42.354214 2024] [php:warn] [pid 6336:tid 1844] [client ::1:58522] PHP Warning:  Constant ASTRA_THEME_URI already defined in C:\\xampp\\htdocs\\wordpress\\wp-content\\themes\\astra\\functions.php on line 21, referer: http://localhost/wordpress/wp-admin/themes.php
[Mon Nov 11 11:50:42.354214 2024] [php:warn] [pid 6336:tid 1844] [client ::1:58522] PHP Warning:  Constant ASTRA_EXT_MIN_VER already defined in C:\\xampp\\htdocs\\wordpress\\wp-content\\themes\\astra\\functions.php on line 27, referer: http://localhost/wordpress/wp-admin/themes.php
[Mon Nov 11 11:50:42.354214 2024] [php:warn] [pid 6336:tid 1844] [client ::1:58522] PHP Warning:  Constant ASTRA_PRO_UPGRADE_URL already defined in C:\\xampp\\htdocs\\wordpress\\wp-content\\themes\\astra\\functions.php on line 37, referer: http://localhost/wordpress/wp-admin/themes.php
[Mon Nov 11 11:50:42.363847 2024] [php:warn] [pid 6336:tid 1844] [client ::1:58522] PHP Warning:  Constant ASTRA_PRO_CUSTOMIZER_UPGRADE_URL already defined in C:\\xampp\\htdocs\\wordpress\\wp-content\\themes\\astra\\functions.php on line 38, referer: http://localhost/wordpress/wp-admin/themes.php
[Mon Nov 11 11:50:45.469101 2024] [php:warn] [pid 6336:tid 1844] [client ::1:58522] PHP Warning:  Constant ASTRA_THEME_VERSION already defined in C:\\xampp\\htdocs\\wordpress\\wp-content\\themes\\astra\\functions.php on line 18, referer: http://localhost/wordpress/
[Mon Nov 11 11:50:45.469101 2024] [php:warn] [pid 6336:tid 1844] [client ::1:58522] PHP Warning:  Constant ASTRA_THEME_SETTINGS already defined in C:\\xampp\\htdocs\\wordpress\\wp-content\\themes\\astra\\functions.php on line 19, referer: http://localhost/wordpress/
[Mon Nov 11 11:50:45.469101 2024] [php:warn] [pid 6336:tid 1844] [client ::1:58522] PHP Warning:  Constant ASTRA_THEME_DIR already defined in C:\\xampp\\htdocs\\wordpress\\wp-content\\themes\\astra\\functions.php on line 20, referer: http://localhost/wordpress/
[Mon Nov 11 11:50:45.469101 2024] [php:warn] [pid 6336:tid 1844] [client ::1:58522] PHP Warning:  Constant ASTRA_THEME_URI already defined in C:\\xampp\\htdocs\\wordpress\\wp-content\\themes\\astra\\functions.php on line 21, referer: http://localhost/wordpress/
[Mon Nov 11 11:50:45.469101 2024] [php:warn] [pid 6336:tid 1844] [client ::1:58522] PHP Warning:  Constant ASTRA_EXT_MIN_VER already defined in C:\\xampp\\htdocs\\wordpress\\wp-content\\themes\\astra\\functions.php on line 27, referer: http://localhost/wordpress/
[Mon Nov 11 11:50:45.469101 2024] [php:warn] [pid 6336:tid 1844] [client ::1:58522] PHP Warning:  Constant ASTRA_PRO_UPGRADE_URL already defined in C:\\xampp\\htdocs\\wordpress\\wp-content\\themes\\astra\\functions.php on line 37, referer: http://localhost/wordpress/
[Mon Nov 11 11:50:45.469101 2024] [php:warn] [pid 6336:tid 1844] [client ::1:58522] PHP Warning:  Constant ASTRA_PRO_CUSTOMIZER_UPGRADE_URL already defined in C:\\xampp\\htdocs\\wordpress\\wp-content\\themes\\astra\\functions.php on line 38, referer: http://localhost/wordpress/
[Mon Nov 11 11:50:54.701039 2024] [php:warn] [pid 6336:tid 1844] [client ::1:58537] PHP Warning:  Constant ASTRA_THEME_VERSION already defined in C:\\xampp\\htdocs\\wordpress\\wp-content\\themes\\astra\\functions.php on line 18, referer: http://localhost/wordpress/wp-admin/themes.php
[Mon Nov 11 11:50:54.701039 2024] [php:warn] [pid 6336:tid 1844] [client ::1:58537] PHP Warning:  Constant ASTRA_THEME_SETTINGS already defined in C:\\xampp\\htdocs\\wordpress\\wp-content\\themes\\astra\\functions.php on line 19, referer: http://localhost/wordpress/wp-admin/themes.php
[Mon Nov 11 11:50:54.701039 2024] [php:warn] [pid 6336:tid 1844] [client ::1:58537] PHP Warning:  Constant ASTRA_THEME_DIR already defined in C:\\xampp\\htdocs\\wordpress\\wp-content\\themes\\astra\\functions.php on line 20, referer: http://localhost/wordpress/wp-admin/themes.php
[Mon Nov 11 11:50:54.701039 2024] [php:warn] [pid 6336:tid 1844] [client ::1:58537] PHP Warning:  Constant ASTRA_THEME_URI already defined in C:\\xampp\\htdocs\\wordpress\\wp-content\\themes\\astra\\functions.php on line 21, referer: http://localhost/wordpress/wp-admin/themes.php
[Mon Nov 11 11:50:54.701039 2024] [php:warn] [pid 6336:tid 1844] [client ::1:58537] PHP Warning:  Constant ASTRA_EXT_MIN_VER already defined in C:\\xampp\\htdocs\\wordpress\\wp-content\\themes\\astra\\functions.php on line 27, referer: http://localhost/wordpress/wp-admin/themes.php
[Mon Nov 11 11:50:54.701039 2024] [php:warn] [pid 6336:tid 1844] [client ::1:58537] PHP Warning:  Constant ASTRA_PRO_UPGRADE_URL already defined in C:\\xampp\\htdocs\\wordpress\\wp-content\\themes\\astra\\functions.php on line 37, referer: http://localhost/wordpress/wp-admin/themes.php
[Mon Nov 11 11:50:54.701039 2024] [php:warn] [pid 6336:tid 1844] [client ::1:58537] PHP Warning:  Constant ASTRA_PRO_CUSTOMIZER_UPGRADE_URL already defined in C:\\xampp\\htdocs\\wordpress\\wp-content\\themes\\astra\\functions.php on line 38, referer: http://localhost/wordpress/wp-admin/themes.php
[Mon Nov 11 11:50:57.652617 2024] [php:warn] [pid 6336:tid 1844] [client ::1:58537] PHP Warning:  Constant ASTRA_THEME_VERSION already defined in C:\\xampp\\htdocs\\wordpress\\wp-content\\themes\\astra\\functions.php on line 18, referer: http://localhost/wordpress/
[Mon Nov 11 11:50:57.652617 2024] [php:warn] [pid 6336:tid 1844] [client ::1:58537] PHP Warning:  Constant ASTRA_THEME_SETTINGS already defined in C:\\xampp\\htdocs\\wordpress\\wp-content\\themes\\astra\\functions.php on line 19, referer: http://localhost/wordpress/
[Mon Nov 11 11:50:57.652617 2024] [php:warn] [pid 6336:tid 1844] [client ::1:58537] PHP Warning:  Constant ASTRA_THEME_DIR already defined in C:\\xampp\\htdocs\\wordpress\\wp-content\\themes\\astra\\functions.php on line 20, referer: http://localhost/wordpress/
[Mon Nov 11 11:50:57.652617 2024] [php:warn] [pid 6336:tid 1844] [client ::1:58537] PHP Warning:  Constant ASTRA_THEME_URI already defined in C:\\xampp\\htdocs\\wordpress\\wp-content\\themes\\astra\\functions.php on line 21, referer: http://localhost/wordpress/
[Mon Nov 11 11:50:57.652617 2024] [php:warn] [pid 6336:tid 1844] [client ::1:58537] PHP Warning:  Constant ASTRA_EXT_MIN_VER already defined in C:\\xampp\\htdocs\\wordpress\\wp-content\\themes\\astra\\functions.php on line 27, referer: http://localhost/wordpress/
[Mon Nov 11 11:50:57.652617 2024] [php:warn] [pid 6336:tid 1844] [client ::1:58537] PHP Warning:  Constant ASTRA_PRO_UPGRADE_URL already defined in C:\\xampp\\htdocs\\wordpress\\wp-content\\themes\\astra\\functions.php on line 37, referer: http://localhost/wordpress/
[Mon Nov 11 11:50:57.652617 2024] [php:warn] [pid 6336:tid 1844] [client ::1:58537] PHP Warning:  Constant ASTRA_PRO_CUSTOMIZER_UPGRADE_URL already defined in C:\\xampp\\htdocs\\wordpress\\wp-content\\themes\\astra\\functions.php on line 38, referer: http://localhost/wordpress/
[Mon Nov 11 11:50:59.698262 2024] [php:warn] [pid 6336:tid 1812] [client ::1:58541] PHP Warning:  Constant ASTRA_THEME_VERSION already defined in C:\\xampp\\htdocs\\wordpress\\wp-content\\themes\\astra\\functions.php on line 18
[Mon Nov 11 11:50:59.698262 2024] [php:warn] [pid 6336:tid 1812] [client ::1:58541] PHP Warning:  Constant ASTRA_THEME_SETTINGS already defined in C:\\xampp\\htdocs\\wordpress\\wp-content\\themes\\astra\\functions.php on line 19
[Mon Nov 11 11:50:59.698262 2024] [php:warn] [pid 6336:tid 1812] [client ::1:58541] PHP Warning:  Constant ASTRA_THEME_DIR already defined in C:\\xampp\\htdocs\\wordpress\\wp-content\\themes\\astra\\functions.php on line 20
[Mon Nov 11 11:50:59.698262 2024] [php:warn] [pid 6336:tid 1812] [client ::1:58541] PHP Warning:  Constant ASTRA_THEME_URI already defined in C:\\xampp\\htdocs\\wordpress\\wp-content\\themes\\astra\\functions.php on line 21
[Mon Nov 11 11:50:59.698262 2024] [php:warn] [pid 6336:tid 1812] [client ::1:58541] PHP Warning:  Constant ASTRA_EXT_MIN_VER already defined in C:\\xampp\\htdocs\\wordpress\\wp-content\\themes\\astra\\functions.php on line 27
[Mon Nov 11 11:50:59.698262 2024] [php:warn] [pid 6336:tid 1812] [client ::1:58541] PHP Warning:  Constant ASTRA_PRO_UPGRADE_URL already defined in C:\\xampp\\htdocs\\wordpress\\wp-content\\themes\\astra\\functions.php on line 37
[Mon Nov 11 11:50:59.698262 2024] [php:warn] [pid 6336:tid 1812] [client ::1:58541] PHP Warning:  Constant ASTRA_PRO_CUSTOMIZER_UPGRADE_URL already defined in C:\\xampp\\htdocs\\wordpress\\wp-content\\themes\\astra\\functions.php on line 38
[Mon Nov 11 13:08:59.609622 2024] [ssl:warn] [pid 4664:tid 220] AH01909: www.example.com:443:0 server certificate does NOT include an ID which matches the server name
[Mon Nov 11 13:08:59.671847 2024] [core:warn] [pid 4664:tid 220] AH00098: pid file C:/xampp/apache/logs/httpd.pid overwritten -- Unclean shutdown of previous Apache run?
[Mon Nov 11 13:08:59.680111 2024] [ssl:warn] [pid 4664:tid 220] AH01909: www.example.com:443:0 server certificate does NOT include an ID which matches the server name
[Mon Nov 11 13:08:59.822353 2024] [mpm_winnt:notice] [pid 4664:tid 220] AH00455: Apache/2.4.58 (Win64) OpenSSL/3.1.3 PHP/8.2.12 configured -- resuming normal operations
[Mon Nov 11 13:08:59.822353 2024] [mpm_winnt:notice] [pid 4664:tid 220] AH00456: Apache Lounge VS17 Server built: Oct 18 2023 13:03:18
[Mon Nov 11 13:08:59.822353 2024] [core:notice] [pid 4664:tid 220] AH00094: Command line: 'C:\\xampp\\apache\\bin\\httpd.exe -d C:/xampp/apache'
[Mon Nov 11 13:08:59.822353 2024] [mpm_winnt:notice] [pid 4664:tid 220] AH00418: Parent: Created child process 8084
[Mon Nov 11 13:09:00.340929 2024] [ssl:warn] [pid 8084:tid 420] AH01909: www.example.com:443:0 server certificate does NOT include an ID which matches the server name
[Mon Nov 11 13:09:00.379589 2024] [ssl:warn] [pid 8084:tid 420] AH01909: www.example.com:443:0 server certificate does NOT include an ID which matches the server name
[Mon Nov 11 13:09:00.422286 2024] [mpm_winnt:notice] [pid 8084:tid 420] AH00354: Child: Starting 150 worker threads.
[Mon Nov 11 13:44:22.533805 2024] [ssl:warn] [pid 4704:tid 404] AH01909: www.example.com:443:0 server certificate does NOT include an ID which matches the server name
[Mon Nov 11 13:44:22.584724 2024] [core:warn] [pid 4704:tid 404] AH00098: pid file C:/xampp/apache/logs/httpd.pid overwritten -- Unclean shutdown of previous Apache run?
[Mon Nov 11 13:44:22.584724 2024] [ssl:warn] [pid 4704:tid 404] AH01909: www.example.com:443:0 server certificate does NOT include an ID which matches the server name
[Mon Nov 11 13:44:22.726950 2024] [mpm_winnt:notice] [pid 4704:tid 404] AH00455: Apache/2.4.58 (Win64) OpenSSL/3.1.3 PHP/8.2.12 configured -- resuming normal operations
[Mon Nov 11 13:44:22.726950 2024] [mpm_winnt:notice] [pid 4704:tid 404] AH00456: Apache Lounge VS17 Server built: Oct 18 2023 13:03:18
[Mon Nov 11 13:44:22.726950 2024] [core:notice] [pid 4704:tid 404] AH00094: Command line: 'C:\\xampp\\apache\\bin\\httpd.exe -d C:/xampp/apache'
[Mon Nov 11 13:44:22.735014 2024] [mpm_winnt:notice] [pid 4704:tid 404] AH00418: Parent: Created child process 1968
[Mon Nov 11 13:44:23.235906 2024] [ssl:warn] [pid 1968:tid 420] AH01909: www.example.com:443:0 server certificate does NOT include an ID which matches the server name
[Mon Nov 11 13:44:23.276584 2024] [ssl:warn] [pid 1968:tid 420] AH01909: www.example.com:443:0 server certificate does NOT include an ID which matches the server name
[Mon Nov 11 13:44:23.325320 2024] [mpm_winnt:notice] [pid 1968:tid 420] AH00354: Child: Starting 150 worker threads.
